<?xml version="1.0" encoding="UTF-8"?>
<!-- Generated by org.testng.reporters.JUnitXMLReporter -->
<testsuite ignored="0" hostname="SCL554" failures="0" tests="7" name="Default test" time="4.439" errors="0" timestamp="2022-12-10T07:44:40 IST">
  <testcase classname="TC01_GET" name="testCase_01_GET" time="1.307"/>
  <testcase classname="TC01_GET" name="testCase_02_GET" time="0.545"/>
  <testcase classname="TC01_GET" name="testCase_03_POST" time="0.431"/>
  <testcase classname="TC01_GET" name="testCase_04_POST" time="0.78"/>
  <testcase classname="TC01_GET" name="testCase_05_PUT" time="0.435"/>
  <testcase classname="TC01_GET" name="testCase_06_DELETE" time="0.425"/>
  <testcase classname="TC01_GET" name="testCase_07_PATCH" time="0.472"/>
</testsuite> <!-- Default test -->
