<?xml version="1.0" encoding="UTF-8"?>
<testng-results ignored="0" total="7" passed="7" failed="0" skipped="0">
  <reporter-output>
  </reporter-output>
  <suite started-at="2022-12-10T07:44:36 IST" name="Default suite" finished-at="2022-12-10T07:44:40 IST" duration-ms="4439">
    <groups>
    </groups>
    <test started-at="2022-12-10T07:44:36 IST" name="Default test" finished-at="2022-12-10T07:44:40 IST" duration-ms="4439">
      <class name="TC01_GET">
        <test-method signature="testCase_01_GET()[pri:0, instance:TC01_GET@28f2a10f]" started-at="2022-12-10T07:44:36 IST" name="testCase_01_GET" finished-at="2022-12-10T07:44:37 IST" duration-ms="1307" status="PASS">
          <reporter-output>
          </reporter-output>
        </test-method> <!-- testCase_01_GET -->
        <test-method signature="testCase_02_GET()[pri:0, instance:TC01_GET@28f2a10f]" started-at="2022-12-10T07:44:37 IST" name="testCase_02_GET" finished-at="2022-12-10T07:44:38 IST" duration-ms="545" status="PASS">
          <reporter-output>
          </reporter-output>
        </test-method> <!-- testCase_02_GET -->
        <test-method signature="testCase_03_POST()[pri:0, instance:TC01_GET@28f2a10f]" started-at="2022-12-10T07:44:38 IST" name="testCase_03_POST" finished-at="2022-12-10T07:44:38 IST" duration-ms="431" status="PASS">
          <reporter-output>
          </reporter-output>
        </test-method> <!-- testCase_03_POST -->
        <test-method signature="testCase_04_POST()[pri:0, instance:TC01_GET@28f2a10f]" started-at="2022-12-10T07:44:38 IST" name="testCase_04_POST" finished-at="2022-12-10T07:44:39 IST" duration-ms="780" status="PASS">
          <reporter-output>
          </reporter-output>
        </test-method> <!-- testCase_04_POST -->
        <test-method signature="testCase_05_PUT()[pri:0, instance:TC01_GET@28f2a10f]" started-at="2022-12-10T07:44:39 IST" name="testCase_05_PUT" finished-at="2022-12-10T07:44:39 IST" duration-ms="435" status="PASS">
          <reporter-output>
          </reporter-output>
        </test-method> <!-- testCase_05_PUT -->
        <test-method signature="testCase_06_DELETE()[pri:0, instance:TC01_GET@28f2a10f]" started-at="2022-12-10T07:44:39 IST" name="testCase_06_DELETE" finished-at="2022-12-10T07:44:40 IST" duration-ms="425" status="PASS">
          <reporter-output>
          </reporter-output>
        </test-method> <!-- testCase_06_DELETE -->
        <test-method signature="testCase_07_PATCH()[pri:0, instance:TC01_GET@28f2a10f]" started-at="2022-12-10T07:44:40 IST" name="testCase_07_PATCH" finished-at="2022-12-10T07:44:40 IST" duration-ms="472" status="PASS">
          <reporter-output>
          </reporter-output>
        </test-method> <!-- testCase_07_PATCH -->
      </class> <!-- TC01_GET -->
    </test> <!-- Default test -->
  </suite> <!-- Default suite -->
</testng-results>
